mode: set
github.com/wltechblog/p2pftp/newestfiles/newestfiles.go:19.13,28.24 4 0
github.com/wltechblog/p2pftp/newestfiles/newestfiles.go:28.24,34.3 5 0
github.com/wltechblog/p2pftp/newestfiles/newestfiles.go:37.2,37.34 1 0
github.com/wltechblog/p2pftp/newestfiles/newestfiles.go:37.34,38.38 1 0
github.com/wltechblog/p2pftp/newestfiles/newestfiles.go:38.38,40.4 1 0
github.com/wltechblog/p2pftp/newestfiles/newestfiles.go:43.2,46.81 2 0
github.com/wltechblog/p2pftp/newestfiles/newestfiles.go:46.81,47.17 1 0
github.com/wltechblog/p2pftp/newestfiles/newestfiles.go:47.17,50.4 2 0
github.com/wltechblog/p2pftp/newestfiles/newestfiles.go:53.3,53.19 1 0
github.com/wltechblog/p2pftp/newestfiles/newestfiles.go:53.19,55.4 1 0
github.com/wltechblog/p2pftp/newestfiles/newestfiles.go:58.3,58.35 1 0
github.com/wltechblog/p2pftp/newestfiles/newestfiles.go:58.35,59.80 1 0
github.com/wltechblog/p2pftp/newestfiles/newestfiles.go:59.80,64.10 2 0
github.com/wltechblog/p2pftp/newestfiles/newestfiles.go:68.3,68.13 1 0
github.com/wltechblog/p2pftp/newestfiles/newestfiles.go:71.2,71.16 1 0
github.com/wltechblog/p2pftp/newestfiles/newestfiles.go:71.16,74.3 2 0
github.com/wltechblog/p2pftp/newestfiles/newestfiles.go:76.2,76.21 1 0
github.com/wltechblog/p2pftp/newestfiles/newestfiles.go:76.21,79.3 2 0
github.com/wltechblog/p2pftp/newestfiles/newestfiles.go:82.2,82.40 1 0
github.com/wltechblog/p2pftp/newestfiles/newestfiles.go:82.40,84.3 1 0
github.com/wltechblog/p2pftp/newestfiles/newestfiles.go:87.2,87.17 1 0
github.com/wltechblog/p2pftp/newestfiles/newestfiles.go:87.17,90.30 2 0
github.com/wltechblog/p2pftp/newestfiles/newestfiles.go:90.30,92.4 1 0
github.com/wltechblog/p2pftp/newestfiles/newestfiles.go:93.3,94.24 2 0
github.com/wltechblog/p2pftp/newestfiles/newestfiles.go:95.8,97.30 1 0
github.com/wltechblog/p2pftp/newestfiles/newestfiles.go:97.30,99.4 1 0
